1523372884.691832 client started (1424): version 2.5, socket /tmp/tmux-1000/default, protocol 8
1523372884.691864 on Linux 4.13.0-38-generic #43-Ubuntu SMP Wed Mar 14 15:20:44 UTC 2018; libevent 2.1.8-stable (poll)
1523372884.691889 socket is /tmp/tmux-1000/default
1523372884.691904 trying connect
1523372884.691922 connect failed: Connection refused
1523372884.691933 lock file is /tmp/tmux-1000/default.lock
1523372884.691967 flock succeeded
1523372884.691973 got lock (6)
1523372884.691980 trying connect
1523372884.691990 connect failed: Connection refused
1523372884.692191 add peer 0x55eb758ed3c0: 7 ((nil))
1523372884.692327 sending message 100 to peer 0x55eb758ed3c0 (4 bytes)
1523372884.692342 sending message 101 to peer 0x55eb758ed3c0 (15 bytes)
1523372884.692351 sending message 102 to peer 0x55eb758ed3c0 (11 bytes)
1523372884.692359 sending message 108 to peer 0x55eb758ed3c0 (18 bytes)
1523372884.692369 sending message 104 to peer 0x55eb758ed3c0 (0 bytes)
1523372884.692379 sending message 107 to peer 0x55eb758ed3c0 (4 bytes)
1523372884.692403 sending message 105 to peer 0x55eb758ed3c0 (80 bytes)
1523372884.692413 sending message 105 to peer 0x55eb758ed3c0 (75 bytes)
1523372884.692421 sending message 105 to peer 0x55eb758ed3c0 (17 bytes)
1523372884.692430 sending message 105 to peer 0x55eb758ed3c0 (11 bytes)
1523372884.692438 sending message 105 to peer 0x55eb758ed3c0 (8 bytes)
1523372884.692446 sending message 105 to peer 0x55eb758ed3c0 (11 bytes)
1523372884.692454 sending message 105 to peer 0x55eb758ed3c0 (18 bytes)
1523372884.692462 sending message 105 to peer 0x55eb758ed3c0 (59 bytes)
1523372884.692474 sending message 105 to peer 0x55eb758ed3c0 (11 bytes)
1523372884.692483 sending message 105 to peer 0x55eb758ed3c0 (8 bytes)
1523372884.692492 sending message 105 to peer 0x55eb758ed3c0 (39 bytes)
1523372884.692500 sending message 105 to peer 0x55eb758ed3c0 (36 bytes)
1523372884.692508 sending message 105 to peer 0x55eb758ed3c0 (41 bytes)
1523372884.692516 sending message 105 to peer 0x55eb758ed3c0 (23 bytes)
1523372884.692524 sending message 105 to peer 0x55eb758ed3c0 (19 bytes)
1523372884.692533 sending message 105 to peer 0x55eb758ed3c0 (20 bytes)
1523372884.692541 sending message 105 to peer 0x55eb758ed3c0 (17 bytes)
1523372884.692549 sending message 105 to peer 0x55eb758ed3c0 (37 bytes)
1523372884.692558 sending message 105 to peer 0x55eb758ed3c0 (31 bytes)
1523372884.692566 sending message 105 to peer 0x55eb758ed3c0 (32 bytes)
1523372884.692575 sending message 105 to peer 0x55eb758ed3c0 (44 bytes)
1523372884.692583 sending message 105 to peer 0x55eb758ed3c0 (23 bytes)
1523372884.692591 sending message 105 to peer 0x55eb758ed3c0 (33 bytes)
1523372884.692600 sending message 105 to peer 0x55eb758ed3c0 (13 bytes)
1523372884.692611 sending message 105 to peer 0x55eb758ed3c0 (12 bytes)
1523372884.692620 sending message 105 to peer 0x55eb758ed3c0 (56 bytes)
1523372884.692629 sending message 105 to peer 0x55eb758ed3c0 (41 bytes)
1523372884.692638 sending message 105 to peer 0x55eb758ed3c0 (18 bytes)
1523372884.692646 sending message 105 to peer 0x55eb758ed3c0 (54 bytes)
1523372884.692654 sending message 105 to peer 0x55eb758ed3c0 (17 bytes)
1523372884.692663 sending message 105 to peer 0x55eb758ed3c0 (28 bytes)
1523372884.692671 sending message 105 to peer 0x55eb758ed3c0 (33 bytes)
1523372884.692679 sending message 105 to peer 0x55eb758ed3c0 (15 bytes)
1523372884.692688 sending message 105 to peer 0x55eb758ed3c0 (22 bytes)
1523372884.692696 sending message 105 to peer 0x55eb758ed3c0 (23 bytes)
1523372884.692705 sending message 105 to peer 0x55eb758ed3c0 (18 bytes)
1523372884.692714 sending message 105 to peer 0x55eb758ed3c0 (134 bytes)
1523372884.692723 sending message 105 to peer 0x55eb758ed3c0 (32 bytes)
1523372884.692749 sending message 105 to peer 0x55eb758ed3c0 (19 bytes)
1523372884.692760 sending message 105 to peer 0x55eb758ed3c0 (21 bytes)
1523372884.692769 sending message 105 to peer 0x55eb758ed3c0 (18 bytes)
1523372884.692778 sending message 105 to peer 0x55eb758ed3c0 (24 bytes)
1523372884.692787 sending message 105 to peer 0x55eb758ed3c0 (20 bytes)
1523372884.692808 sending message 105 to peer 0x55eb758ed3c0 (19 bytes)
1523372884.692818 sending message 105 to peer 0x55eb758ed3c0 (22 bytes)
1523372884.692827 sending message 105 to peer 0x55eb758ed3c0 (33 bytes)
1523372884.692836 sending message 105 to peer 0x55eb758ed3c0 (28 bytes)
1523372884.692844 sending message 105 to peer 0x55eb758ed3c0 (41 bytes)
1523372884.692854 sending message 105 to peer 0x55eb758ed3c0 (348 bytes)
1523372884.692864 sending message 105 to peer 0x55eb758ed3c0 (14 bytes)
1523372884.692873 sending message 105 to peer 0x55eb758ed3c0 (20 bytes)
1523372884.692882 sending message 105 to peer 0x55eb758ed3c0 (12 bytes)
1523372884.692891 sending message 105 to peer 0x55eb758ed3c0 (31 bytes)
1523372884.692900 sending message 105 to peer 0x55eb758ed3c0 (15 bytes)
1523372884.692909 sending message 105 to peer 0x55eb758ed3c0 (19 bytes)
1523372884.692917 sending message 105 to peer 0x55eb758ed3c0 (19 bytes)
1523372884.692927 sending message 105 to peer 0x55eb758ed3c0 (16 bytes)
1523372884.692936 sending message 105 to peer 0x55eb758ed3c0 (24 bytes)
1523372884.692945 sending message 105 to peer 0x55eb758ed3c0 (72 bytes)
1523372884.692954 sending message 105 to peer 0x55eb758ed3c0 (32 bytes)
1523372884.692963 sending message 105 to peer 0x55eb758ed3c0 (78 bytes)
1523372884.692972 sending message 105 to peer 0x55eb758ed3c0 (30 bytes)
1523372884.692981 sending message 105 to peer 0x55eb758ed3c0 (76 bytes)
1523372884.692990 sending message 105 to peer 0x55eb758ed3c0 (39 bytes)
1523372884.692999 sending message 105 to peer 0x55eb758ed3c0 (37 bytes)
1523372884.693009 sending message 105 to peer 0x55eb758ed3c0 (32 bytes)
1523372884.693017 sending message 105 to peer 0x55eb758ed3c0 (30 bytes)
1523372884.693026 sending message 105 to peer 0x55eb758ed3c0 (28 bytes)
1523372884.693035 sending message 105 to peer 0x55eb758ed3c0 (28 bytes)
1523372884.693045 sending message 105 to peer 0x55eb758ed3c0 (15 bytes)
1523372884.693054 sending message 105 to peer 0x55eb758ed3c0 (11 bytes)
1523372884.693063 sending message 105 to peer 0x55eb758ed3c0 (8 bytes)
1523372884.693072 sending message 105 to peer 0x55eb758ed3c0 (21 bytes)
1523372884.693081 sending message 105 to peer 0x55eb758ed3c0 (32 bytes)
1523372884.693090 sending message 105 to peer 0x55eb758ed3c0 (1468 bytes)
1523372884.693103 sending message 105 to peer 0x55eb758ed3c0 (22 bytes)
1523372884.693112 sending message 105 to peer 0x55eb758ed3c0 (16 bytes)
1523372884.693121 sending message 105 to peer 0x55eb758ed3c0 (47 bytes)
1523372884.693130 sending message 105 to peer 0x55eb758ed3c0 (23 bytes)
1523372884.693139 sending message 105 to peer 0x55eb758ed3c0 (19 bytes)
1523372884.693148 sending message 105 to peer 0x55eb758ed3c0 (181 bytes)
1523372884.693158 sending message 105 to peer 0x55eb758ed3c0 (18 bytes)
1523372884.693166 sending message 105 to peer 0x55eb758ed3c0 (23 bytes)
1523372884.693175 sending message 105 to peer 0x55eb758ed3c0 (8 bytes)
1523372884.693184 sending message 105 to peer 0x55eb758ed3c0 (19 bytes)
1523372884.693193 sending message 105 to peer 0x55eb758ed3c0 (62 bytes)
1523372884.693202 sending message 105 to peer 0x55eb758ed3c0 (64 bytes)
1523372884.693211 sending message 105 to peer 0x55eb758ed3c0 (66 bytes)
1523372884.693220 sending message 105 to peer 0x55eb758ed3c0 (74 bytes)
1523372884.693229 sending message 105 to peer 0x55eb758ed3c0 (25 bytes)
1523372884.693238 sending message 105 to peer 0x55eb758ed3c0 (24 bytes)
1523372884.693248 sending message 105 to peer 0x55eb758ed3c0 (16 bytes)
1523372884.693257 sending message 105 to peer 0x55eb758ed3c0 (16 bytes)
1523372884.693266 sending message 106 to peer 0x55eb758ed3c0 (0 bytes)
1523372884.693275 sending message 200 to peer 0x55eb758ed3c0 (4 bytes)
1523372884.693283 client loop enter
1523372884.782400 peer 0x55eb758ed3c0 message 207
1523372884.782417 sending message 208 to peer 0x55eb758ed3c0 (0 bytes)
1523372887.672176 peer 0x55eb758ed3c0 message 203
1523372887.672185 sending message 205 to peer 0x55eb758ed3c0 (0 bytes)
1523372887.672403 peer 0x55eb758ed3c0 message 204
1523372887.672415 client loop exit
